Using pre-set license
Built from '2020.3/release' branch; Version is '2020.3.1f1 (77a89f25062f) revision 7841951'; Using compiler version '192528614'; Build Type 'Release'
OS: 'Windows 10 Pro; OS build 19041.985; Version 2004; 64bit' Language: 'tr' Physical Memory: 8141 MB
BatchMode: 1, IsHumanControllingUs: 0, StartBugReporterOnCrash: 0, Is64bit: 1, IsPro: 0

 COMMAND LINE ARGUMENTS:
C:\Program Files\Unity\Hub\Editor\2020.3.1f1\Editor\Unity.exe
-adb2
-batchMode
-noUpm
-name
AssetImportWorker0
-projectPath
D:/Unity/Ball Blast Replica/Ball Blast Replica
-logFile
Logs/AssetImportWorker0.log
-srvPort
62424
Successfully changed project path to: D:/Unity/Ball Blast Replica/Ball Blast Replica
D:/Unity/Ball Blast Replica/Ball Blast Replica
Using Asset Import Pipeline V2.
Refreshing native plugins compatible for Editor in 82.11 ms, found 1 plugins.
Preloading 0 native plugins for Editor in 0.00 ms.
Initialize engine version: 2020.3.1f1 (77a89f25062f)
[Subsystems] Discovering subsystems at path C:/Program Files/Unity/Hub/Editor/2020.3.1f1/Editor/Data/Resources/UnitySubsystems
[Subsystems] Discovering subsystems at path D:/Unity/Ball Blast Replica/Ball Blast Replica/Assets
GfxDevice: creating device client; threaded=0
Direct3D:
    Version:  Direct3D 11.0 [level 11.0]
    Renderer: NVIDIA GeForce GTX 750 Ti (ID=0x1380)
    Vendor:   
    VRAM:     2007 MB
    Driver:   27.21.14.6109
Initialize mono
Mono path[0] = 'C:/Program Files/Unity/Hub/Editor/2020.3.1f1/Editor/Data/Managed'
Mono path[1] = 'C:/Program Files/Unity/Hub/Editor/2020.3.1f1/Editor/Data/MonoBleedingEdge/lib/mono/unityjit'
Mono config path = 'C:/Program Files/Unity/Hub/Editor/2020.3.1f1/Editor/Data/MonoBleedingEdge/etc'
Using monoOptions --debugger-agent=transport=dt_socket,embedding=1,server=y,suspend=n,address=127.0.0.1:56388
Begin MonoManager ReloadAssembly
Registering precompiled unity dll's ...
Register platform support module: C:/Program Files/Unity/Hub/Editor/2020.3.1f1/Editor/Data/PlaybackEngines/WindowsStandaloneSupport/UnityEditor.WindowsStandalone.Extensions.dll
Registered in 0.005807 seconds.
Native extension for WindowsStandalone target not found
Refreshing native plugins compatible for Editor in 65.25 ms, found 1 plugins.
Preloading 0 native plugins for Editor in 0.00 ms.
Invoked RoslynAnalysisRunner static constructor.
RoslynAnalysisRunner will not be running.
RoslynAnalysisRunner has terminated.
Mono: successfully reloaded assembly
- Completed reload, in  2.425 seconds
Platform modules already initialized, skipping
Registering precompiled user dll's ...
Registered in 0.001773 seconds.
Begin MonoManager ReloadAssembly
Native extension for WindowsStandalone target not found
Refreshing native plugins compatible for Editor in 70.64 ms, found 1 plugins.
Preloading 0 native plugins for Editor in 0.00 ms.
Invoked RoslynAnalysisRunner static constructor.
RoslynAnalysisRunner will not be running.
RoslynAnalysisRunner has terminated.
Mono: successfully reloaded assembly
- Completed reload, in  2.110 seconds
Platform modules already initialized, skipping
========================================================================
Worker process is ready to serve import requests
Launched and connected shader compiler UnityShaderCompiler.exe after 0.29 seconds
Refreshing native plugins compatible for Editor in 0.81 ms, found 1 plugins.
Preloading 0 native plugins for Editor in 0.00 ms.
Unloading 1841 Unused Serialized files (Serialized files now loaded: 0)
System memory in use before: 87.9 MB.
System memory in use after: 87.8 MB.

Unloading 24 unused Assets to reduce memory usage. Loaded Objects now: 2292.
Total: 5.856600 ms (FindLiveObjects: 0.470400 ms CreateObjectMapping: 0.363400 ms MarkObjects: 4.763200 ms  DeleteObjects: 0.256500 ms)

========================================================================
Received Import Request.
  path: Assets/Scripts/ScoreManager.cs
  artifactKey: Guid(4fb3b19f168c9bc42bdcac962767172f) Importer(815301076,1909f56bfc062723c751e8b465ee728b)
Start importing Assets/Scripts/ScoreManager.cs using Guid(4fb3b19f168c9bc42bdcac962767172f) Importer(815301076,1909f56bfc062723c751e8b465ee728b)  -> (artifact id: '633f2ba4637f0e93d9e8112a4befacfb') in 0.136196 seconds
  Import took 0.147423 seconds .

========================================================================
Received Import Request.
  Time since last request: 1047.629588 seconds.
  path: Assets/Scripts/ScoreManager.cs
  artifactKey: Guid(4fb3b19f168c9bc42bdcac962767172f) Importer(815301076,1909f56bfc062723c751e8b465ee728b)
Start importing Assets/Scripts/ScoreManager.cs using Guid(4fb3b19f168c9bc42bdcac962767172f) Importer(815301076,1909f56bfc062723c751e8b465ee728b)  -> (artifact id: '450023d9520ccdff54a9a02f35352433') in 0.031716 seconds
  Import took 0.045124 seconds .

========================================================================
Received Prepare
Registering precompiled user dll's ...
Registered in 0.001423 seconds.
Begin MonoManager ReloadAssembly
Native extension for WindowsStandalone target not found
Refreshing native plugins compatible for Editor in 0.46 ms, found 1 plugins.
Preloading 0 native plugins for Editor in 0.00 ms.
Invoked RoslynAnalysisRunner static constructor.
RoslynAnalysisRunner will not be running.
RoslynAnalysisRunner has terminated.
Mono: successfully reloaded assembly
- Completed reload, in  1.207 seconds
Platform modules already initialized, skipping
Refreshing native plugins compatible for Editor in 0.47 ms, found 1 plugins.
Preloading 0 native plugins for Editor in 0.00 ms.
Unloading 1821 Unused Serialized files (Serialized files now loaded: 0)
System memory in use before: 86.7 MB.
System memory in use after: 86.7 MB.

Unloading 12 unused Assets to reduce memory usage. Loaded Objects now: 2296.
Total: 2.716700 ms (FindLiveObjects: 0.316200 ms CreateObjectMapping: 0.115100 ms MarkObjects: 2.113600 ms  DeleteObjects: 0.170500 ms)

========================================================================
Received Prepare
Registering precompiled user dll's ...
Registered in 0.003488 seconds.
Begin MonoManager ReloadAssembly
Native extension for WindowsStandalone target not found
Refreshing native plugins compatible for Editor in 0.46 ms, found 1 plugins.
Preloading 0 native plugins for Editor in 0.00 ms.
Invoked RoslynAnalysisRunner static constructor.
RoslynAnalysisRunner will not be running.
RoslynAnalysisRunner has terminated.
Mono: successfully reloaded assembly
- Completed reload, in  1.510 seconds
Platform modules already initialized, skipping
Refreshing native plugins compatible for Editor in 0.51 ms, found 1 plugins.
Preloading 0 native plugins for Editor in 0.00 ms.
Unloading 1821 Unused Serialized files (Serialized files now loaded: 0)
System memory in use before: 86.7 MB.
System memory in use after: 86.7 MB.

Unloading 12 unused Assets to reduce memory usage. Loaded Objects now: 2300.
Total: 2.297600 ms (FindLiveObjects: 0.205300 ms CreateObjectMapping: 0.081000 ms MarkObjects: 1.853200 ms  DeleteObjects: 0.156500 ms)

========================================================================
Received Prepare
Registering precompiled user dll's ...
Registered in 0.001415 seconds.
Begin MonoManager ReloadAssembly
Native extension for WindowsStandalone target not found
Refreshing native plugins compatible for Editor in 0.73 ms, found 1 plugins.
Preloading 0 native plugins for Editor in 0.00 ms.
Invoked RoslynAnalysisRunner static constructor.
RoslynAnalysisRunner will not be running.
RoslynAnalysisRunner has terminated.
Mono: successfully reloaded assembly
- Completed reload, in  1.367 seconds
Platform modules already initialized, skipping
Refreshing native plugins compatible for Editor in 0.48 ms, found 1 plugins.
Preloading 0 native plugins for Editor in 0.00 ms.
Unloading 1821 Unused Serialized files (Serialized files now loaded: 0)
System memory in use before: 86.7 MB.
System memory in use after: 86.7 MB.

Unloading 12 unused Assets to reduce memory usage. Loaded Objects now: 2304.
Total: 2.917200 ms (FindLiveObjects: 0.235300 ms CreateObjectMapping: 0.082500 ms MarkObjects: 2.443600 ms  DeleteObjects: 0.153400 ms)

========================================================================
Received Import Request.
  Time since last request: 542.947536 seconds.
  path: Assets/Scripts/ScoreManager.cs
  artifactKey: Guid(4fb3b19f168c9bc42bdcac962767172f) Importer(815301076,1909f56bfc062723c751e8b465ee728b)
Start importing Assets/Scripts/ScoreManager.cs using Guid(4fb3b19f168c9bc42bdcac962767172f) Importer(815301076,1909f56bfc062723c751e8b465ee728b)  -> (artifact id: 'cb7809dedbbb92464cc361c966285561') in 0.013933 seconds
  Import took 0.028019 seconds .

========================================================================
Received Prepare
Registering precompiled user dll's ...
Registered in 0.001384 seconds.
Begin MonoManager ReloadAssembly
Native extension for WindowsStandalone target not found
Refreshing native plugins compatible for Editor in 0.47 ms, found 1 plugins.
Preloading 0 native plugins for Editor in 0.00 ms.
Invoked RoslynAnalysisRunner static constructor.
RoslynAnalysisRunner will not be running.
RoslynAnalysisRunner has terminated.
Mono: successfully reloaded assembly
- Completed reload, in  1.183 seconds
Platform modules already initialized, skipping
Refreshing native plugins compatible for Editor in 0.45 ms, found 1 plugins.
Preloading 0 native plugins for Editor in 0.00 ms.
Unloading 1821 Unused Serialized files (Serialized files now loaded: 0)
System memory in use before: 86.7 MB.
System memory in use after: 86.7 MB.

Unloading 12 unused Assets to reduce memory usage. Loaded Objects now: 2308.
Total: 2.527000 ms (FindLiveObjects: 0.193200 ms CreateObjectMapping: 0.077200 ms MarkObjects: 2.058200 ms  DeleteObjects: 0.196800 ms)

========================================================================
Received Prepare
Registering precompiled user dll's ...
Registered in 0.001449 seconds.
Begin MonoManager ReloadAssembly
Native extension for WindowsStandalone target not found
Refreshing native plugins compatible for Editor in 0.46 ms, found 1 plugins.
Preloading 0 native plugins for Editor in 0.00 ms.
Invoked RoslynAnalysisRunner static constructor.
RoslynAnalysisRunner will not be running.
RoslynAnalysisRunner has terminated.
Mono: successfully reloaded assembly
- Completed reload, in  1.200 seconds
Platform modules already initialized, skipping
Refreshing native plugins compatible for Editor in 0.46 ms, found 1 plugins.
Preloading 0 native plugins for Editor in 0.00 ms.
Unloading 1821 Unused Serialized files (Serialized files now loaded: 0)
System memory in use before: 86.8 MB.
System memory in use after: 86.8 MB.

Unloading 12 unused Assets to reduce memory usage. Loaded Objects now: 2312.
Total: 2.735900 ms (FindLiveObjects: 0.259800 ms CreateObjectMapping: 0.101700 ms MarkObjects: 2.206100 ms  DeleteObjects: 0.166500 ms)

========================================================================
Received Import Request.
  Time since last request: 274.218166 seconds.
  path: Assets/Scripts/ScoreManager.cs
  artifactKey: Guid(4fb3b19f168c9bc42bdcac962767172f) Importer(815301076,1909f56bfc062723c751e8b465ee728b)
Start importing Assets/Scripts/ScoreManager.cs using Guid(4fb3b19f168c9bc42bdcac962767172f) Importer(815301076,1909f56bfc062723c751e8b465ee728b)  -> (artifact id: '714731cdd709815fce9ee0f79717c874') in 0.011631 seconds
  Import took 0.026864 seconds .

========================================================================
Received Import Request.
  Time since last request: 0.094109 seconds.
  path: Assets/Scripts/ScoreManager.cs
  artifactKey: Guid(4fb3b19f168c9bc42bdcac962767172f) Importer(815301076,1909f56bfc062723c751e8b465ee728b)
Start importing Assets/Scripts/ScoreManager.cs using Guid(4fb3b19f168c9bc42bdcac962767172f) Importer(815301076,1909f56bfc062723c751e8b465ee728b)  -> (artifact id: '714731cdd709815fce9ee0f79717c874') in 0.005502 seconds
  Import took 0.010875 seconds .

========================================================================
Received Prepare
Registering precompiled user dll's ...
Registered in 0.001356 seconds.
Begin MonoManager ReloadAssembly
Native extension for WindowsStandalone target not found
Refreshing native plugins compatible for Editor in 0.52 ms, found 1 plugins.
Preloading 0 native plugins for Editor in 0.00 ms.
Invoked RoslynAnalysisRunner static constructor.
RoslynAnalysisRunner will not be running.
RoslynAnalysisRunner has terminated.
Mono: successfully reloaded assembly
- Completed reload, in  1.257 seconds
Platform modules already initialized, skipping
Refreshing native plugins compatible for Editor in 0.47 ms, found 1 plugins.
Preloading 0 native plugins for Editor in 0.00 ms.
Unloading 1821 Unused Serialized files (Serialized files now loaded: 0)
System memory in use before: 86.8 MB.
System memory in use after: 86.8 MB.

Unloading 12 unused Assets to reduce memory usage. Loaded Objects now: 2316.
Total: 2.522800 ms (FindLiveObjects: 0.210400 ms CreateObjectMapping: 0.078100 ms MarkObjects: 2.083300 ms  DeleteObjects: 0.149500 ms)

========================================================================
Received Import Request.
  Time since last request: 94.884692 seconds.
  path: Assets/Scripts/ScoreManager.cs
  artifactKey: Guid(4fb3b19f168c9bc42bdcac962767172f) Importer(815301076,1909f56bfc062723c751e8b465ee728b)
Start importing Assets/Scripts/ScoreManager.cs using Guid(4fb3b19f168c9bc42bdcac962767172f) Importer(815301076,1909f56bfc062723c751e8b465ee728b)  -> (artifact id: 'cdbc75a1d8f74985193523769a9c655c') in 0.007145 seconds
  Import took 0.019679 seconds .

========================================================================
Received Import Request.
  Time since last request: 0.099187 seconds.
  path: Assets/Scripts/ScoreManager.cs
  artifactKey: Guid(4fb3b19f168c9bc42bdcac962767172f) Importer(815301076,1909f56bfc062723c751e8b465ee728b)
Start importing Assets/Scripts/ScoreManager.cs using Guid(4fb3b19f168c9bc42bdcac962767172f) Importer(815301076,1909f56bfc062723c751e8b465ee728b)  -> (artifact id: 'cdbc75a1d8f74985193523769a9c655c') in 0.004682 seconds
  Import took 0.009175 seconds .

========================================================================
Received Prepare
Registering precompiled user dll's ...
Registered in 0.001351 seconds.
Begin MonoManager ReloadAssembly
Native extension for WindowsStandalone target not found
Refreshing native plugins compatible for Editor in 0.46 ms, found 1 plugins.
Preloading 0 native plugins for Editor in 0.00 ms.
Invoked RoslynAnalysisRunner static constructor.
RoslynAnalysisRunner will not be running.
RoslynAnalysisRunner has terminated.
Mono: successfully reloaded assembly
- Completed reload, in  1.240 seconds
Platform modules already initialized, skipping
Refreshing native plugins compatible for Editor in 0.48 ms, found 1 plugins.
Preloading 0 native plugins for Editor in 0.00 ms.
Unloading 1821 Unused Serialized files (Serialized files now loaded: 0)
System memory in use before: 86.8 MB.
System memory in use after: 86.8 MB.

Unloading 12 unused Assets to reduce memory usage. Loaded Objects now: 2320.
Total: 2.527300 ms (FindLiveObjects: 0.219900 ms CreateObjectMapping: 0.111400 ms MarkObjects: 2.035700 ms  DeleteObjects: 0.159000 ms)

========================================================================
Received Import Request.
  Time since last request: 129.005396 seconds.
  path: Assets/Scripts/ScoreManager.cs
  artifactKey: Guid(4fb3b19f168c9bc42bdcac962767172f) Importer(815301076,1909f56bfc062723c751e8b465ee728b)
Start importing Assets/Scripts/ScoreManager.cs using Guid(4fb3b19f168c9bc42bdcac962767172f) Importer(815301076,1909f56bfc062723c751e8b465ee728b)  -> (artifact id: '46a3ad8ffc02fbb00e28311afb8e8e1f') in 0.008609 seconds
  Import took 0.012951 seconds .

========================================================================
Received Import Request.
  Time since last request: 0.001252 seconds.
  path: Assets/Scripts/ScoreManager.cs
  artifactKey: Guid(4fb3b19f168c9bc42bdcac962767172f) Importer(815301076,1909f56bfc062723c751e8b465ee728b)
Start importing Assets/Scripts/ScoreManager.cs using Guid(4fb3b19f168c9bc42bdcac962767172f) Importer(815301076,1909f56bfc062723c751e8b465ee728b)  -> (artifact id: '46a3ad8ffc02fbb00e28311afb8e8e1f') in 0.004105 seconds
  Import took 0.008007 seconds .

========================================================================
Received Prepare
Registering precompiled user dll's ...
Registered in 0.001355 seconds.
Begin MonoManager ReloadAssembly
Native extension for WindowsStandalone target not found
Refreshing native plugins compatible for Editor in 0.49 ms, found 1 plugins.
Preloading 0 native plugins for Editor in 0.00 ms.
Invoked RoslynAnalysisRunner static constructor.
RoslynAnalysisRunner will not be running.
RoslynAnalysisRunner has terminated.
Mono: successfully reloaded assembly
- Completed reload, in  1.207 seconds
Platform modules already initialized, skipping
Refreshing native plugins compatible for Editor in 0.51 ms, found 1 plugins.
Preloading 0 native plugins for Editor in 0.00 ms.
Unloading 1821 Unused Serialized files (Serialized files now loaded: 0)
System memory in use before: 86.8 MB.
System memory in use after: 86.8 MB.

Unloading 12 unused Assets to reduce memory usage. Loaded Objects now: 2324.
Total: 3.247500 ms (FindLiveObjects: 0.284500 ms CreateObjectMapping: 0.167000 ms MarkObjects: 2.330200 ms  DeleteObjects: 0.464200 ms)

========================================================================
Received Import Request.
  Time since last request: 123.283602 seconds.
  path: Assets/Scripts/ScoreManager.cs
  artifactKey: Guid(4fb3b19f168c9bc42bdcac962767172f) Importer(815301076,1909f56bfc062723c751e8b465ee728b)
Start importing Assets/Scripts/ScoreManager.cs using Guid(4fb3b19f168c9bc42bdcac962767172f) Importer(815301076,1909f56bfc062723c751e8b465ee728b)  -> (artifact id: '96f2802329d0b52c735aaeb84206c59f') in 0.007162 seconds
  Import took 0.019195 seconds .

========================================================================
Received Prepare
Registering precompiled user dll's ...
Registered in 0.001591 seconds.
Begin MonoManager ReloadAssembly
Native extension for WindowsStandalone target not found
Refreshing native plugins compatible for Editor in 0.49 ms, found 1 plugins.
Preloading 0 native plugins for Editor in 0.00 ms.
Invoked RoslynAnalysisRunner static constructor.
RoslynAnalysisRunner will not be running.
RoslynAnalysisRunner has terminated.
Mono: successfully reloaded assembly
- Completed reload, in  1.597 seconds
Platform modules already initialized, skipping
Refreshing native plugins compatible for Editor in 0.45 ms, found 1 plugins.
Preloading 0 native plugins for Editor in 0.00 ms.
Unloading 1821 Unused Serialized files (Serialized files now loaded: 0)
System memory in use before: 86.8 MB.
System memory in use after: 86.8 MB.

Unloading 12 unused Assets to reduce memory usage. Loaded Objects now: 2328.
Total: 2.849100 ms (FindLiveObjects: 0.219000 ms CreateObjectMapping: 0.094800 ms MarkObjects: 2.379100 ms  DeleteObjects: 0.154500 ms)

========================================================================
Received Import Request.
  Time since last request: 805.457037 seconds.
  path: Assets/Scripts/ScoreManager.cs
  artifactKey: Guid(4fb3b19f168c9bc42bdcac962767172f) Importer(815301076,1909f56bfc062723c751e8b465ee728b)
Start importing Assets/Scripts/ScoreManager.cs using Guid(4fb3b19f168c9bc42bdcac962767172f) Importer(815301076,1909f56bfc062723c751e8b465ee728b)  -> (artifact id: '045c8fd5c3062af989abba343b1d42f8') in 0.007447 seconds
  Import took 0.031058 seconds .

========================================================================
Received Prepare
Registering precompiled user dll's ...
Registered in 0.002855 seconds.
Begin MonoManager ReloadAssembly
Native extension for WindowsStandalone target not found
Refreshing native plugins compatible for Editor in 0.52 ms, found 1 plugins.
Preloading 0 native plugins for Editor in 0.00 ms.
Invoked RoslynAnalysisRunner static constructor.
RoslynAnalysisRunner will not be running.
RoslynAnalysisRunner has terminated.
Mono: successfully reloaded assembly
- Completed reload, in  1.449 seconds
Platform modules already initialized, skipping
Refreshing native plugins compatible for Editor in 0.47 ms, found 1 plugins.
Preloading 0 native plugins for Editor in 0.00 ms.
Unloading 1821 Unused Serialized files (Serialized files now loaded: 0)
System memory in use before: 86.8 MB.
System memory in use after: 86.8 MB.

Unloading 12 unused Assets to reduce memory usage. Loaded Objects now: 2332.
Total: 2.294500 ms (FindLiveObjects: 0.200600 ms CreateObjectMapping: 0.076900 ms MarkObjects: 1.860300 ms  DeleteObjects: 0.154900 ms)

========================================================================
Received Prepare
Registering precompiled user dll's ...
Registered in 0.001498 seconds.
Begin MonoManager ReloadAssembly
Native extension for WindowsStandalone target not found
Refreshing native plugins compatible for Editor in 0.46 ms, found 1 plugins.
Preloading 0 native plugins for Editor in 0.00 ms.
Invoked RoslynAnalysisRunner static constructor.
RoslynAnalysisRunner will not be running.
RoslynAnalysisRunner has terminated.
Mono: successfully reloaded assembly
- Completed reload, in  1.350 seconds
Platform modules already initialized, skipping
Refreshing native plugins compatible for Editor in 0.48 ms, found 1 plugins.
Preloading 0 native plugins for Editor in 0.00 ms.
Unloading 1821 Unused Serialized files (Serialized files now loaded: 0)
System memory in use before: 86.8 MB.
System memory in use after: 86.8 MB.

Unloading 12 unused Assets to reduce memory usage. Loaded Objects now: 2336.
Total: 2.554400 ms (FindLiveObjects: 0.234400 ms CreateObjectMapping: 0.100900 ms MarkObjects: 2.060100 ms  DeleteObjects: 0.157300 ms)

========================================================================
Received Prepare
Registering precompiled user dll's ...
Registered in 0.002157 seconds.
Begin MonoManager ReloadAssembly
Native extension for WindowsStandalone target not found
Refreshing native plugins compatible for Editor in 0.46 ms, found 1 plugins.
Preloading 0 native plugins for Editor in 0.00 ms.
Invoked RoslynAnalysisRunner static constructor.
RoslynAnalysisRunner will not be running.
RoslynAnalysisRunner has terminated.
Mono: successfully reloaded assembly
- Completed reload, in  1.607 seconds
Platform modules already initialized, skipping
Refreshing native plugins compatible for Editor in 0.69 ms, found 1 plugins.
Preloading 0 native plugins for Editor in 0.00 ms.
Unloading 1821 Unused Serialized files (Serialized files now loaded: 0)
System memory in use before: 86.8 MB.
System memory in use after: 86.8 MB.

Unloading 12 unused Assets to reduce memory usage. Loaded Objects now: 2340.
Total: 2.626400 ms (FindLiveObjects: 0.225200 ms CreateObjectMapping: 0.095900 ms MarkObjects: 2.148500 ms  DeleteObjects: 0.154600 ms)

========================================================================
Received Import Request.
  Time since last request: 900.912810 seconds.
  path: Assets/Prefebs/Meteor.prefab
  artifactKey: Guid(cef3049eb72cb3544a7b28e83bebc0be) Importer(815301076,1909f56bfc062723c751e8b465ee728b)
Start importing Assets/Prefebs/Meteor.prefab using Guid(cef3049eb72cb3544a7b28e83bebc0be) Importer(815301076,1909f56bfc062723c751e8b465ee728b)  -> (artifact id: '118e48aab35df0f4956f8d7e323a7967') in 0.255677 seconds
  Import took 0.277684 seconds .

========================================================================
Received Import Request.
  Time since last request: 0.000232 seconds.
  path: Assets/Prefebs/MeteorBlue.prefab
  artifactKey: Guid(5e670f85b782a764592ed154830a49ca) Importer(815301076,1909f56bfc062723c751e8b465ee728b)
Start importing Assets/Prefebs/MeteorBlue.prefab using Guid(5e670f85b782a764592ed154830a49ca) Importer(815301076,1909f56bfc062723c751e8b465ee728b)  -> (artifact id: '05c3fccb5be728979e733e58aa4c3539') in 0.064592 seconds
  Import took 0.070223 seconds .

========================================================================
Received Import Request.
  Time since last request: 0.000220 seconds.
  path: Assets/Prefebs/MeteorGreen.prefab
  artifactKey: Guid(617f9c639a4635644b5c6ecaa98c3570) Importer(815301076,1909f56bfc062723c751e8b465ee728b)
Start importing Assets/Prefebs/MeteorGreen.prefab using Guid(617f9c639a4635644b5c6ecaa98c3570) Importer(815301076,1909f56bfc062723c751e8b465ee728b)  -> (artifact id: '0ce115a06fd45a960eb96ac0570d7991') in 0.057856 seconds
  Import took 0.076852 seconds .

========================================================================
Received Import Request.
  Time since last request: 10.082939 seconds.
  path: Assets/Prefebs/Hits
  artifactKey: Guid(45653d11d228e594498b3d9119285e35) Importer(815301076,1909f56bfc062723c751e8b465ee728b)
Start importing Assets/Prefebs/Hits using Guid(45653d11d228e594498b3d9119285e35) Importer(815301076,1909f56bfc062723c751e8b465ee728b)  -> (artifact id: 'd3bef32a71d3f763debdd972fdd11ca7') in 0.026082 seconds
  Import took 0.045163 seconds .

AssetImportWorkerClient::OnTransportError - code=2 error=End of file
